<?xml version="1.0" encoding="UTF-8"?>
<testng-results total="5" passed="5" failed="0" skipped="0">
  <reporter-output>
  </reporter-output>
  <suite started-at="2023-08-13T07:50:46Z" name="Default suite" finished-at="2023-08-13T07:51:00Z" duration-ms="14611">
    <groups>
    </groups>
    <test started-at="2023-08-13T07:50:46Z" name="Default test" finished-at="2023-08-13T07:51:00Z" duration-ms="14611">
      <class name="com.assesment.pirate">
        <test-method is-config="true" signature="setup()[pri:0, instance:com.assesment.pirate@1583741e]" started-at="2023-08-13T13:20:46Z" name="setup" finished-at="2023-08-13T13:20:48Z" duration-ms="2792" status="PASS">
          <reporter-output>
          </reporter-output>
        </test-method> <!-- setup -->
        <test-method signature="test_check_feedback_for_no_results()[pri:0, instance:com.assesment.pirate@1583741e]" started-at="2023-08-13T13:20:48Z" name="test_check_feedback_for_no_results" finished-at="2023-08-13T13:20:48Z" duration-ms="141" status="PASS">
          <reporter-output>
          </reporter-output>
        </test-method> <!-- test_check_feedback_for_no_results -->
        <test-method is-config="true" signature="teardown()[pri:0, instance:com.assesment.pirate@1583741e]" started-at="2023-08-13T13:20:48Z" name="teardown" finished-at="2023-08-13T13:20:49Z" duration-ms="104" status="PASS">
          <reporter-output>
          </reporter-output>
        </test-method> <!-- teardown -->
        <test-method is-config="true" signature="setup()[pri:0, instance:com.assesment.pirate@1583741e]" started-at="2023-08-13T13:20:49Z" name="setup" finished-at="2023-08-13T13:20:50Z" duration-ms="1808" status="PASS">
          <reporter-output>
          </reporter-output>
        </test-method> <!-- setup -->
        <test-method signature="test_check_query_for_isla_returns_at_least_one_result()[pri:0, instance:com.assesment.pirate@1583741e]" started-at="2023-08-13T13:20:50Z" name="test_check_query_for_isla_returns_at_least_one_result" finished-at="2023-08-13T13:20:51Z" duration-ms="668" status="PASS">
          <reporter-output>
          </reporter-output>
        </test-method> <!-- test_check_query_for_isla_returns_at_least_one_result -->
        <test-method is-config="true" signature="teardown()[pri:0, instance:com.assesment.pirate@1583741e]" started-at="2023-08-13T13:20:51Z" name="teardown" finished-at="2023-08-13T13:20:51Z" duration-ms="103" status="PASS">
          <reporter-output>
          </reporter-output>
        </test-method> <!-- teardown -->
        <test-method is-config="true" signature="setup()[pri:0, instance:com.assesment.pirate@1583741e]" started-at="2023-08-13T13:20:51Z" name="setup" finished-at="2023-08-13T13:20:53Z" duration-ms="1932" status="PASS">
          <reporter-output>
          </reporter-output>
        </test-method> <!-- setup -->
        <test-method signature="test_check_query_input_and_search_button_existence()[pri:0, instance:com.assesment.pirate@1583741e]" started-at="2023-08-13T13:20:53Z" name="test_check_query_input_and_search_button_existence" finished-at="2023-08-13T13:20:53Z" duration-ms="38" status="PASS">
          <reporter-output>
          </reporter-output>
        </test-method> <!-- test_check_query_input_and_search_button_existence -->
        <test-method is-config="true" signature="teardown()[pri:0, instance:com.assesment.pirate@1583741e]" started-at="2023-08-13T13:20:53Z" name="teardown" finished-at="2023-08-13T13:20:53Z" duration-ms="102" status="PASS">
          <reporter-output>
          </reporter-output>
        </test-method> <!-- teardown -->
        <test-method is-config="true" signature="setup()[pri:0, instance:com.assesment.pirate@1583741e]" started-at="2023-08-13T13:20:53Z" name="setup" finished-at="2023-08-13T13:20:56Z" duration-ms="3058" status="PASS">
          <reporter-output>
          </reporter-output>
        </test-method> <!-- setup -->
        <test-method signature="test_check_results_match_query()[pri:0, instance:com.assesment.pirate@1583741e]" started-at="2023-08-13T13:20:56Z" name="test_check_results_match_query" finished-at="2023-08-13T13:20:57Z" duration-ms="722" status="PASS">
          <reporter-output>
          </reporter-output>
        </test-method> <!-- test_check_results_match_query -->
        <test-method is-config="true" signature="teardown()[pri:0, instance:com.assesment.pirate@1583741e]" started-at="2023-08-13T13:20:57Z" name="teardown" finished-at="2023-08-13T13:20:57Z" duration-ms="101" status="PASS">
          <reporter-output>
          </reporter-output>
        </test-method> <!-- teardown -->
        <test-method is-config="true" signature="setup()[pri:0, instance:com.assesment.pirate@1583741e]" started-at="2023-08-13T13:20:57Z" name="setup" finished-at="2023-08-13T13:21:00Z" duration-ms="2827" status="PASS">
          <reporter-output>
          </reporter-output>
        </test-method> <!-- setup -->
        <test-method signature="test_check_search_with_empty_query()[pri:0, instance:com.assesment.pirate@1583741e]" started-at="2023-08-13T13:21:00Z" name="test_check_search_with_empty_query" finished-at="2023-08-13T13:21:00Z" duration-ms="87" status="PASS">
          <reporter-output>
          </reporter-output>
        </test-method> <!-- test_check_search_with_empty_query -->
        <test-method is-config="true" signature="teardown()[pri:0, instance:com.assesment.pirate@1583741e]" started-at="2023-08-13T13:21:00Z" name="teardown" finished-at="2023-08-13T13:21:00Z" duration-ms="101" status="PASS">
          <reporter-output>
          </reporter-output>
        </test-method> <!-- teardown -->
      </class> <!-- com.assesment.pirate -->
    </test> <!-- Default test -->
  </suite> <!-- Default suite -->
</testng-results>
